<?xml version="1.0" encoding="UTF-8"?>
<testsuite xmlns:xsi="http://www.w3.org/2001/XMLSchema-instance" xsi:noNamespaceSchemaLocation="https://maven.apache.org/surefire/maven-surefire-plugin/xsd/surefire-test-report-3.0.xsd" version="3.0" name="testrunners.TestRunner" time="26.789" tests="4" errors="0" skipped="0" failures="0">
  <properties>
[...]
</properties>
  <testcase name="Verify Dashboard functionilty tabs" classname="Dashboard Functionality" time="13.29">
    <system-out><![CDATA[
Scenario: Verify Dashboard functionilty tabs # src/test/resources/features/dashboard.feature:4
🚀 Starting Scenario: Verify Dashboard functionilty tabs

    Embedding Screenshot [image/png 39060 bytes]


    Navigated to Url Successfully !!

  Given User navigate to the login page      # stepdefinitions.LoginSteps.iNavigateToLoginPage()

    User is able to enter username successfully

  When User enter username "student"         # stepdefinitions.LoginSteps.iEnterUsername(java.lang.String)

    User is able to enter password successfully

  And User enter password "Password123"      # stepdefinitions.LoginSteps.iEnterPassword(java.lang.String)

    User is able to click on Submit button successfully

  And User click on login button             # stepdefinitions.LoginSteps.iClickLoginButton()
Element present: true
Element present: true
Element present: true
Element present: true
Element present: true

    Embedding Screenshot [image/png 37797 bytes]


    User is able to verify tabs [Home, Practice, Courses, Blog, Contact]

  Then Verify different tabs are present     # stepdefinitions.DashboardSteps.verify_different_tabs_are_present(io.cucumber.datatable.DataTable)
    | Home | Practice | Courses | Blog | Contact |
✅ Scenario Completed: Verify Dashboard functionilty tabs
]]></system-out>
  </testcase>
  <testcase name="Verify Logout button is Present" classname="Dashboard Functionality" time="5.093">
    <system-out><![CDATA[
Scenario: Verify Logout button is Present             # src/test/resources/features/dashboard.feature:12
🚀 Starting Scenario: Verify Logout button is Present

    Embedding Screenshot [image/png 39060 bytes]


    Navigated to Url Successfully !!

  Given User navigate to the login page               # stepdefinitions.LoginSteps.iNavigateToLoginPage()

    User is able to enter username successfully

  When User enter username "student"                  # stepdefinitions.LoginSteps.iEnterUsername(java.lang.String)

    User is able to enter password successfully

  And User enter password "Password123"               # stepdefinitions.LoginSteps.iEnterPassword(java.lang.String)

    User is able to click on Submit button successfully

  And User click on login button                      # stepdefinitions.LoginSteps.iClickLoginButton()
Element present: true

    Log out is present

  Then User should verify "Log out" button is present # stepdefinitions.DashboardSteps.user_should_verify_button_is_present(java.lang.String)

    User able to click on Log out

  Then User click on "Log out" button                 # stepdefinitions.DashboardSteps.user_click_on_button(java.lang.String)

    User able to verify that application logged out 

  Then User should verify the session is terminated   # stepdefinitions.DashboardSteps.user_should_verify_the_session_is_terminated()
✅ Scenario Completed: Verify Logout button is Present
]]></system-out>
  </testcase>
  <testcase name="Successful login with valid credentials" classname="Login Functionality" time="4.29">
    <system-out><![CDATA[
Scenario: Successful login with valid credentials # src/test/resources/features/login.feature:4
🚀 Starting Scenario: Successful login with valid credentials

    Embedding Screenshot [image/png 39060 bytes]


    Navigated to Url Successfully !!

  Given User navigate to the login page           # stepdefinitions.LoginSteps.iNavigateToLoginPage()

    User is able to enter username successfully

  When User enter username "student"              # stepdefinitions.LoginSteps.iEnterUsername(java.lang.String)

    User is able to enter password successfully

  And User enter password "Password123"           # stepdefinitions.LoginSteps.iEnterPassword(java.lang.String)

    User is able to click on Submit button successfully

  And User click on login button                  # stepdefinitions.LoginSteps.iClickLoginButton()

    User is able to login successfully

  Then User should be logged in successfully      # stepdefinitions.LoginSteps.iShouldBeLoggedInSuccessfully()
✅ Scenario Completed: Successful login with valid credentials
]]></system-out>
  </testcase>
  <testcase name="Unsuccessful login with Invalid credentials" classname="Login Functionality" time="3.621">
    <system-out><![CDATA[
Scenario: Unsuccessful login with Invalid credentials # src/test/resources/features/login.feature:11
🚀 Starting Scenario: Unsuccessful login with Invalid credentials

    Embedding Screenshot [image/png 39060 bytes]


    Navigated to Url Successfully !!

  Given User navigate to the login page               # stepdefinitions.LoginSteps.iNavigateToLoginPage()

    User is able to enter username successfully

  When User enter username "student"                  # stepdefinitions.LoginSteps.iEnterUsername(java.lang.String)

    User is able to enter password successfully

  And User enter password "Password13"                # stepdefinitions.LoginSteps.iEnterPassword(java.lang.String)

    User is able to click on Submit button successfully

  And User click on login button                      # stepdefinitions.LoginSteps.iClickLoginButton()

    User is not able to login

  Then User should not be logged in successfully      # stepdefinitions.LoginSteps.iShouldNotBeLoggedInSuccessfully()
✅ Scenario Completed: Unsuccessful login with Invalid credentials
]]></system-out>
  </testcase>
</testsuite>